<?xml version="1.0" encoding="UTF-8"?>
<testsuite name="UserInterfaceTest" tests="3" skipped="0" failures="0" errors="0" timestamp="2025-10-30T04:40:20.821Z" hostname="MAIN-DESKTOP" time="0.041">
  <properties/>
  <testcase name="guestFlowOnlyBrowsesScrolls()" classname="UserInterfaceTest" time="0.012"/>
  <testcase name="generalUserFlowWithProfileUpdates()" classname="UserInterfaceTest" time="0.004"/>
  <testcase name="adminFlowIncludesScrollManagementAndUserActions()" classname="UserInterfaceTest" time="0.024"/>
  <system-out><![CDATA[Welcome to the Virtual Scroll Access System (VSAS)
--------------------------------------
Current user: Not logged in
1. Log in
2. Register
3. Continue as guest
4. Exit
Select an option: Guest mode enabled. Upload and download are disabled.
--------------------------------------
Guest menu (Guest User (guest))
1. Browse scrolls
2. Return to main menu
Select an option: --------------------------------------
Scroll seeker
1. View scrolls
2. Download scroll (not available for guests)
3. Search filters
4. Preview scroll
5. Return
Select an option: (no scrolls match filters)
--------------------------------------
Scroll seeker
1. View scrolls
2. Download scroll (not available for guests)
3. Search filters
4. Preview scroll
5. Return
Select an option: Guests cannot download scrolls.
--------------------------------------
Scroll seeker
1. View scrolls
2. Download scroll (not available for guests)
3. Search filters
4. Preview scroll
5. Return
Select an option: --------------------------------------
Guest menu (Guest User (guest))
1. Browse scrolls
2. Return to main menu
Select an option: --------------------------------------
Current user: Not logged in
1. Log in
2. Register
3. Continue as guest
4. Exit
Select an option: Goodbye!
Welcome to the Virtual Scroll Access System (VSAS)
--------------------------------------
Current user: Not logged in
1. Log in
2. Register
3. Continue as guest
4. Exit
Select an option: Username: Password: Welcome, admin!
--------------------------------------
Account menu (System Administrator (admin))
1. View profile
2. Update profile
3. Scroll management
4. View & download scrolls
5. Return
Select an option: --------------------------------------
Admin scroll management (System Administrator (admin))
1. List all scrolls
2. List my scrolls
3. Add new scroll
4. Edit my scroll
5. Remove my scroll
6. List all users
7. Create user
8. Delete user
9. View scroll stats
10. Return
Select an option: All scrolls:
 - id=SC0001 name=AdminScroll owner=admin uploaded=2025-10-30T15:40:20.843823 file=C:\Users\yukiw\AppData\Local\Temp\junit11144833686718034080\uploads\SC0001_AdminScroll.bin
--------------------------------------
Admin scroll management (System Administrator (admin))
1. List all scrolls
2. List my scrolls
3. Add new scroll
4. Edit my scroll
5. Remove my scroll
6. List all users
7. Create user
8. Delete user
9. View scroll stats
10. Return
Select an option: All scrolls:
 - id=SC0001 name=AdminScroll owner=admin uploaded=2025-10-30T15:40:20.843823 file=C:\Users\yukiw\AppData\Local\Temp\junit11144833686718034080\uploads\SC0001_AdminScroll.bin
--------------------------------------
Admin scroll management (System Administrator (admin))
1. List all scrolls
2. List my scrolls
3. Add new scroll
4. Edit my scroll
5. Remove my scroll
6. List all users
7. Create user
8. Delete user
9. View scroll stats
10. Return
Select an option: Your scrolls:
 - id=SC0001 name=AdminScroll owner=admin uploaded=2025-10-30T15:40:20.843823 file=C:\Users\yukiw\AppData\Local\Temp\junit11144833686718034080\uploads\SC0001_AdminScroll.bin
--------------------------------------
Admin scroll management (System Administrator (admin))
1. List all scrolls
2. List my scrolls
3. Add new scroll
4. Edit my scroll
5. Remove my scroll
6. List all users
7. Create user
8. Delete user
9. View scroll stats
10. Return
Select an option: Invalid option, please try again.
--------------------------------------
Admin scroll management (System Administrator (admin))
1. List all scrolls
2. List my scrolls
3. Add new scroll
4. Edit my scroll
5. Remove my scroll
6. List all users
7. Create user
8. Delete user
9. View scroll stats
10. Return
Select an option: Invalid option, please try again.
--------------------------------------
Admin scroll management (System Administrator (admin))
1. List all scrolls
2. List my scrolls
3. Add new scroll
4. Edit my scroll
5. Remove my scroll
6. List all users
7. Create user
8. Delete user
9. View scroll stats
10. Return
Select an option: Scroll ID to edit: New name (leave blank to keep current): Replace binary file? (y/n): Scroll updated.
--------------------------------------
Admin scroll management (System Administrator (admin))
1. List all scrolls
2. List my scrolls
3. Add new scroll
4. Edit my scroll
5. Remove my scroll
6. List all users
7. Create user
8. Delete user
9. View scroll stats
10. Return
Select an option: Invalid option, please try again.
--------------------------------------
Admin scroll management (System Administrator (admin))
1. List all scrolls
2. List my scrolls
3. Add new scroll
4. Edit my scroll
5. Remove my scroll
6. List all users
7. Create user
8. Delete user
9. View scroll stats
10. Return
Select an option: Invalid option, please try again.
--------------------------------------
Admin scroll management (System Administrator (admin))
1. List all scrolls
2. List my scrolls
3. Add new scroll
4. Edit my scroll
5. Remove my scroll
6. List all users
7. Create user
8. Delete user
9. View scroll stats
10. Return
Select an option: Invalid option, please try again.
--------------------------------------
Admin scroll management (System Administrator (admin))
1. List all scrolls
2. List my scrolls
3. Add new scroll
4. Edit my scroll
5. Remove my scroll
6. List all users
7. Create user
8. Delete user
9. View scroll stats
10. Return
Select an option: Scroll ID to remove: Remove failed: Scroll not found.
--------------------------------------
Admin scroll management (System Administrator (admin))
1. List all scrolls
2. List my scrolls
3. Add new scroll
4. Edit my scroll
5. Remove my scroll
6. List all users
7. Create user
8. Delete user
9. View scroll stats
10. Return
Select an option: Username: Password: Email: Phone number: Full name: Custom ID: Select user type (1 = General, 2 = Admin): Creation failed: Invalid phone number format.
--------------------------------------
Admin scroll management (System Administrator (admin))
1. List all scrolls
2. List my scrolls
3. Add new scroll
4. Edit my scroll
5. Remove my scroll
6. List all users
7. Create user
8. Delete user
9. View scroll stats
10. Return
Select an option: All users:
 - username=admin fullName=System Administrator type=admin email=admin@example.com phone=0000000000 id=admin
--------------------------------------
Admin scroll management (System Administrator (admin))
1. List all scrolls
2. List my scrolls
3. Add new scroll
4. Edit my scroll
5. Remove my scroll
6. List all users
7. Create user
8. Delete user
9. View scroll stats
10. Return
Select an option: Username to delete: Delete failed: User not found.
--------------------------------------
Admin scroll management (System Administrator (admin))
1. List all scrolls
2. List my scrolls
3. Add new scroll
4. Edit my scroll
5. Remove my scroll
6. List all users
7. Create user
8. Delete user
9. View scroll stats
10. Return
Select an option: Scroll stats:
 - id=SC0001 name=3 uploads=1 downloads=0
--------------------------------------
Admin scroll management (System Administrator (admin))
1. List all scrolls
2. List my scrolls
3. Add new scroll
4. Edit my scroll
5. Remove my scroll
6. List all users
7. Create user
8. Delete user
9. View scroll stats
10. Return
Select an option: --------------------------------------
Account menu (System Administrator (admin))
1. View profile
2. Update profile
3. Scroll management
4. View & download scrolls
5. Return
Select an option: Returning to main menu.
You have been logged out.
--------------------------------------
Current user: Not logged in
1. Log in
2. Register
3. Continue as guest
4. Exit
Select an option: Goodbye!
]]></system-out>
  <system-err><![CDATA[]]></system-err>
</testsuite>
