<?xml version="1.0" encoding="UTF-8"?>
<testsuite name="UserManagementAdminMenuTest" tests="1" skipped="0" failures="0" errors="0" timestamp="2025-10-30T04:02:20.251Z" hostname="MAIN-DESKTOP" time="0.012">
  <properties/>
  <testcase name="adminMenuManagesUsers()" classname="UserManagementAdminMenuTest" time="0.012"/>
  <system-out><![CDATA[--------------------------------------
Admin scroll management (System Administrator (admin))
1. List all scrolls
2. List my scrolls
3. Add new scroll
4. Edit my scroll
5. Remove my scroll
6. List all users
7. Create user
8. Delete user
9. View scroll stats
10. Return
Select an option: All users:
 - username=admin fullName=System Administrator type=admin email=admin@example.com phone=0000000000 id=admin
--------------------------------------
Admin scroll management (System Administrator (admin))
1. List all scrolls
2. List my scrolls
3. Add new scroll
4. Edit my scroll
5. Remove my scroll
6. List all users
7. Create user
8. Delete user
9. View scroll stats
10. Return
Select an option: Username: Password: Email: Phone number: Full name: Custom ID: Select user type (1 = General, 2 = Admin): User created.
--------------------------------------
Admin scroll management (System Administrator (admin))
1. List all scrolls
2. List my scrolls
3. Add new scroll
4. Edit my scroll
5. Remove my scroll
6. List all users
7. Create user
8. Delete user
9. View scroll stats
10. Return
Select an option: All users:
 - username=admin fullName=System Administrator type=admin email=admin@example.com phone=0000000000 id=admin
 - username=alpha fullName=Alpha User type=general email=alpha@example.com phone=777 id=ALPHA-ID
--------------------------------------
Admin scroll management (System Administrator (admin))
1. List all scrolls
2. List my scrolls
3. Add new scroll
4. Edit my scroll
5. Remove my scroll
6. List all users
7. Create user
8. Delete user
9. View scroll stats
10. Return
Select an option: Username to delete: User deleted.
--------------------------------------
Admin scroll management (System Administrator (admin))
1. List all scrolls
2. List my scrolls
3. Add new scroll
4. Edit my scroll
5. Remove my scroll
6. List all users
7. Create user
8. Delete user
9. View scroll stats
10. Return
Select an option: Scroll stats:
--------------------------------------
Admin scroll management (System Administrator (admin))
1. List all scrolls
2. List my scrolls
3. Add new scroll
4. Edit my scroll
5. Remove my scroll
6. List all users
7. Create user
8. Delete user
9. View scroll stats
10. Return
Select an option: ]]></system-out>
  <system-err><![CDATA[]]></system-err>
</testsuite>
