<?xml version="1.0" encoding="UTF-8"?>
<testsuite name="AppTest" tests="1" skipped="0" failures="0" errors="0" timestamp="2025-10-30T04:02:19.749Z" hostname="MAIN-DESKTOP" time="0.063">
  <properties/>
  <testcase name="mainExitsWhenSelectingExit()" classname="AppTest" time="0.063"/>
  <system-out><![CDATA[Welcome to the Virtual Scroll Access System (VSAS)
--------------------------------------
Current user: Not logged in
1. Log in
2. Register
3. Continue as guest
4. Exit
Select an option: Goodbye!
]]></system-out>
  <system-err><![CDATA[]]></system-err>
</testsuite>
