<?xml version="1.0" encoding="UTF-8"?>
<testsuite name="UserManagementUISupportTest" tests="17" skipped="0" failures="0" errors="0" timestamp="2025-10-30T04:02:20.265Z" hostname="MAIN-DESKTOP" time="0.169">
  <properties/>
  <testcase name="guestMenuHandlesInvalidChoice()" classname="UserManagementUISupportTest" time="0.019"/>
  <testcase name="editScrollUpdatesNameWithoutReplacingFile()" classname="UserManagementUISupportTest" time="0.013"/>
  <testcase name="handleLoginFailsWithInvalidCredentials()" classname="UserManagementUISupportTest" time="0.009"/>
  <testcase name="addScrollRequiresCurrentUser()" classname="UserManagementUISupportTest" time="0.007"/>
  <testcase name="startHandlesClosedInputGracefully()" classname="UserManagementUISupportTest" time="0.008"/>
  <testcase name="addScrollCancelsWhenNoFileSelected()" classname="UserManagementUISupportTest" time="0.009"/>
  <testcase name="chooseFileHeadlessReturnsManualPath()" classname="UserManagementUISupportTest" time="0.007"/>
  <testcase name="addScrollUploadsFileSuccessfully()" classname="UserManagementUISupportTest" time="0.013"/>
  <testcase name="userScrollMenuShowsMessageForInvalidChoice()" classname="UserManagementUISupportTest" time="0.009"/>
  <testcase name="updateOperationsAreNoOpsWithoutUser()" classname="UserManagementUISupportTest" time="0.007"/>
  <testcase name="updateFullNameHandlesValidationError()" classname="UserManagementUISupportTest" time="0.008"/>
  <testcase name="getDisplayNameFallsBackToUsername()" classname="UserManagementUISupportTest" time="0.006"/>
  <testcase name="accountMenuHandlesInvalidOption()" classname="UserManagementUISupportTest" time="0.008"/>
  <testcase name="removeScrollDeletesOwnedScroll()" classname="UserManagementUISupportTest" time="0.014"/>
  <testcase name="chooseFileHeadlessCancellationReturnsNull()" classname="UserManagementUISupportTest" time="0.006"/>
  <testcase name="editScrollCancelsWhenReplacementMissing()" classname="UserManagementUISupportTest" time="0.011"/>
  <testcase name="readUserTypeRetriesUntilValid()" classname="UserManagementUISupportTest" time="0.006"/>
  <system-out><![CDATA[Scroll ID to edit: New name (leave blank to keep current): Replace binary file? (y/n): Scroll updated.
GUI file chooser is not available. Please type the file path.
File path (leave blank to cancel): Scroll name: GUI file chooser is not available. Please type the file path.
File path (leave blank to cancel): Successful upload. Scroll ID: SC0001.
Scroll ID to remove: Scroll removed.
Scroll ID to edit: New name (leave blank to keep current): Replace binary file? (y/n): GUI file chooser is not available. Please type the file path.
File path (leave blank to cancel): File selection cancelled.
Select user type (1 = General, 2 = Admin): Invalid option, please try again.
Select user type (1 = General, 2 = Admin): Invalid option, please try again.
Select user type (1 = General, 2 = Admin): ]]></system-out>
  <system-err><![CDATA[]]></system-err>
</testsuite>
