<?xml version="1.0" encoding="UTF-8"?>
<testsuite name="PasswordHasherTest" tests="9" skipped="0" failures="0" errors="0" timestamp="2025-10-30T04:02:20.021Z" hostname="MAIN-DESKTOP" time="0.013">
  <properties/>
  <testcase name="hashProducesSameValueForSameInput()" classname="PasswordHasherTest" time="0.002"/>
  <testcase name="hashAllowsShortPasswordButProducesHash()" classname="PasswordHasherTest" time="0.001"/>
  <testcase name="matchesReturnsFalseWhenStoredHashNull()" classname="PasswordHasherTest" time="0.0"/>
  <testcase name="matchesReturnsTrueForCorrectPassword()" classname="PasswordHasherTest" time="0.001"/>
  <testcase name="matchesHandlesInvalidRawPassword()" classname="PasswordHasherTest" time="0.001"/>
  <testcase name="hashHandlesMixedCharacters()" classname="PasswordHasherTest" time="0.002"/>
  <testcase name="hashProducesHexCharactersOnly()" classname="PasswordHasherTest" time="0.001"/>
  <testcase name="hashRejectsNullPassword()" classname="PasswordHasherTest" time="0.001"/>
  <testcase name="matchesReturnsFalseForDifferentPassword()" classname="PasswordHasherTest" time="0.001"/>
  <system-out><![CDATA[]]></system-out>
  <system-err><![CDATA[]]></system-err>
</testsuite>
