<?xml version="1.0" encoding="UTF-8"?>
<testsuite name="ScrollSeekerConsoleTest" tests="4" skipped="0" failures="0" errors="0" timestamp="2025-10-30T04:02:20.070Z" hostname="MAIN-DESKTOP" time="0.024">
  <properties/>
  <testcase name="previewScrollHandlesBlankAndMissing()" classname="ScrollSeekerConsoleTest" time="0.005"/>
  <testcase name="viewAndDownloadMenuForGuestsBlocksDownloads()" classname="ScrollSeekerConsoleTest" time="0.004"/>
  <testcase name="downloadScrollValidatesInputAndCancelsWithoutPath()" classname="ScrollSeekerConsoleTest" time="0.009"/>
  <testcase name="chooseSaveLocationHandlesCancelAndSuccess()" classname="ScrollSeekerConsoleTest" time="0.004"/>
  <system-out><![CDATA[Save as (full path, leave blank to cancel): ]]></system-out>
  <system-err><![CDATA[]]></system-err>
</testsuite>
