<?xml version="1.0" encoding="UTF-8"?>
<testsuite name="UserRepositoryTest" tests="2" skipped="0" failures="0" errors="0" timestamp="2025-10-30T04:02:20.502Z" hostname="MAIN-DESKTOP" time="0.009">
  <properties/>
  <testcase name="loadLegacyAndInvalidEntries()" classname="UserRepositoryTest" time="0.004"/>
  <testcase name="saveAndDeletePersistData()" classname="UserRepositoryTest" time="0.005"/>
  <system-out><![CDATA[]]></system-out>
  <system-err><![CDATA[]]></system-err>
</testsuite>
